Traceback (most recent call last):
  File "C:\Users\jpocampo\.conda\envs\nuevo2-env\lib\site-packages\jupyter_cache\executors\utils.py", line 51, in single_nb_execution
    executenb(
  File "C:\Users\jpocampo\.conda\envs\nuevo2-env\lib\site-packages\nbclient\client.py", line 1204, in execute
    return NotebookClient(nb=nb, resources=resources, km=km, **kwargs).execute()
  File "C:\Users\jpocampo\.conda\envs\nuevo2-env\lib\site-packages\nbclient\util.py", line 84, in wrapped
    return just_run(coro(*args, **kwargs))
  File "C:\Users\jpocampo\.conda\envs\nuevo2-env\lib\site-packages\nbclient\util.py", line 62, in just_run
    return loop.run_until_complete(coro)
  File "C:\Users\jpocampo\.conda\envs\nuevo2-env\lib\asyncio\base_events.py", line 647, in run_until_complete
    return future.result()
  File "C:\Users\jpocampo\.conda\envs\nuevo2-env\lib\site-packages\nbclient\client.py", line 663, in async_execute
    await self.async_execute_cell(
  File "C:\Users\jpocampo\.conda\envs\nuevo2-env\lib\site-packages\nbclient\client.py", line 965, in async_execute_cell
    await self._check_raise_for_error(cell, cell_index, exec_reply)
  File "C:\Users\jpocampo\.conda\envs\nuevo2-env\lib\site-packages\nbclient\client.py", line 862, in _check_raise_for_error
    raise CellExecutionError.from_cell_and_msg(cell, exec_reply_content)
nbclient.exceptions.CellExecutionError: An error occurred while executing the following cell:
------------------
df_pa = df.query("variable == 'front-potencia-activa'").copy()
cargas = df_st[df_st["variable"].isin(cfg.ENERGY_VAR_LABELS)].copy()
front = df_st[df_st["variable"].isin(['front-consumo-activa'])].copy()
front_reactiva = df_st[df_st["variable"].isin(['consumo-energia-reactiva-total'])].copy()

df_pa = cln.remove_outliers_by_zscore(df_pa, zscore=4)
cargas = cln.remove_outliers_by_zscore(cargas, zscore=4)
front = cln.remove_outliers_by_zscore(front, zscore=4)
front_reactiva = cln.remove_outliers_by_zscore(front, zscore=4)
------------------

[1;31m---------------------------------------------------------------------------[0m
[1;31mValueError[0m                                Traceback (most recent call last)
Cell [1;32mIn[6], line 7[0m
[0;32m      4[0m front_reactiva [38;5;241m=[39m df_st[df_st[[38;5;124m"[39m[38;5;124mvariable[39m[38;5;124m"[39m][38;5;241m.[39misin([[38;5;124m'[39m[38;5;124mconsumo-energia-reactiva-total[39m[38;5;124m'[39m])][38;5;241m.[39mcopy()
[0;32m      6[0m df_pa [38;5;241m=[39m cln[38;5;241m.[39mremove_outliers_by_zscore(df_pa, zscore[38;5;241m=[39m[38;5;241m4[39m)
[1;32m----> 7[0m cargas [38;5;241m=[39m [43mcln[49m[38;5;241;43m.[39;49m[43mremove_outliers_by_zscore[49m[43m([49m[43mcargas[49m[43m,[49m[43m [49m[43mzscore[49m[38;5;241;43m=[39;49m[38;5;241;43m4[39;49m[43m)[49m
[0;32m      8[0m front [38;5;241m=[39m cln[38;5;241m.[39mremove_outliers_by_zscore(front, zscore[38;5;241m=[39m[38;5;241m4[39m)
[0;32m      9[0m front_reactiva [38;5;241m=[39m cln[38;5;241m.[39mremove_outliers_by_zscore(front, zscore[38;5;241m=[39m[38;5;241m4[39m)

File [1;32m~\Desktop\bc_mensual\CB_Informe_Mensual\library_report_v2.py:246[0m, in [0;36mCleaning.remove_outliers_by_zscore[1;34m(df, zscore)[0m
[0;32m    243[0m         z_scores [38;5;241m=[39m stats[38;5;241m.[39mzscore(df_var[[38;5;124m'[39m[38;5;124mvalue[39m[38;5;124m'[39m], nan_policy[38;5;241m=[39m[38;5;124m'[39m[38;5;124momit[39m[38;5;124m'[39m)
[0;32m    244[0m         lst_df[38;5;241m.[39mappend(df_var[[38;5;28mabs[39m(z_scores) [38;5;241m<[39m zscore])
[1;32m--> 246[0m [38;5;28;01mreturn[39;00m [43mpd[49m[38;5;241;43m.[39;49m[43mconcat[49m[43m([49m[43mlst_df[49m[43m)[49m

File [1;32m~\.conda\envs\nuevo2-env\lib\site-packages\pandas\util\_decorators.py:331[0m, in [0;36mdeprecate_nonkeyword_arguments.<locals>.decorate.<locals>.wrapper[1;34m(*args, **kwargs)[0m
[0;32m    325[0m [38;5;28;01mif[39;00m [38;5;28mlen[39m(args) [38;5;241m>[39m num_allow_args:
[0;32m    326[0m     warnings[38;5;241m.[39mwarn(
[0;32m    327[0m         msg[38;5;241m.[39mformat(arguments[38;5;241m=[39m_format_argument_list(allow_args)),
[0;32m    328[0m         [38;5;167;01mFutureWarning[39;00m,
[0;32m    329[0m         stacklevel[38;5;241m=[39mfind_stack_level(),
[0;32m    330[0m     )
[1;32m--> 331[0m [38;5;28;01mreturn[39;00m func([38;5;241m*[39margs, [38;5;241m*[39m[38;5;241m*[39mkwargs)

File [1;32m~\.conda\envs\nuevo2-env\lib\site-packages\pandas\core\reshape\concat.py:368[0m, in [0;36mconcat[1;34m(objs, axis, join, ignore_index, keys, levels, names, verify_integrity, sort, copy)[0m
[0;32m    146[0m [38;5;129m@deprecate_nonkeyword_arguments[39m(version[38;5;241m=[39m[38;5;28;01mNone[39;00m, allowed_args[38;5;241m=[39m[[38;5;124m"[39m[38;5;124mobjs[39m[38;5;124m"[39m])
[0;32m    147[0m [38;5;28;01mdef[39;00m [38;5;21mconcat[39m(
[0;32m    148[0m     objs: Iterable[NDFrame] [38;5;241m|[39m Mapping[HashableT, NDFrame],
[1;32m   (...)[0m
[0;32m    157[0m     copy: [38;5;28mbool[39m [38;5;241m=[39m [38;5;28;01mTrue[39;00m,
[0;32m    158[0m ) [38;5;241m-[39m[38;5;241m>[39m DataFrame [38;5;241m|[39m Series:
[0;32m    159[0m     [38;5;124;03m"""[39;00m
[0;32m    160[0m [38;5;124;03m    Concatenate pandas objects along a particular axis.[39;00m
[0;32m    161[0m 
[1;32m   (...)[0m
[0;32m    366[0m [38;5;124;03m    1   3   4[39;00m
[0;32m    367[0m [38;5;124;03m    """[39;00m
[1;32m--> 368[0m     op [38;5;241m=[39m [43m_Concatenator[49m[43m([49m
[0;32m    369[0m [43m        [49m[43mobjs[49m[43m,[49m
[0;32m    370[0m [43m        [49m[43maxis[49m[38;5;241;43m=[39;49m[43maxis[49m[43m,[49m
[0;32m    371[0m [43m        [49m[43mignore_index[49m[38;5;241;43m=[39;49m[43mignore_index[49m[43m,[49m
[0;32m    372[0m [43m        [49m[43mjoin[49m[38;5;241;43m=[39;49m[43mjoin[49m[43m,[49m
[0;32m    373[0m [43m        [49m[43mkeys[49m[38;5;241;43m=[39;49m[43mkeys[49m[43m,[49m
[0;32m    374[0m [43m        [49m[43mlevels[49m[38;5;241;43m=[39;49m[43mlevels[49m[43m,[49m
[0;32m    375[0m [43m        [49m[43mnames[49m[38;5;241;43m=[39;49m[43mnames[49m[43m,[49m
[0;32m    376[0m [43m        [49m[43mverify_integrity[49m[38;5;241;43m=[39;49m[43mverify_integrity[49m[43m,[49m
[0;32m    377[0m [43m        [49m[43mcopy[49m[38;5;241;43m=[39;49m[43mcopy[49m[43m,[49m
[0;32m    378[0m [43m        [49m[43msort[49m[38;5;241;43m=[39;49m[43msort[49m[43m,[49m
[0;32m    379[0m [43m    [49m[43m)[49m
[0;32m    381[0m     [38;5;28;01mreturn[39;00m op[38;5;241m.[39mget_result()

File [1;32m~\.conda\envs\nuevo2-env\lib\site-packages\pandas\core\reshape\concat.py:425[0m, in [0;36m_Concatenator.__init__[1;34m(self, objs, axis, join, keys, levels, names, ignore_index, verify_integrity, copy, sort)[0m
[0;32m    422[0m     objs [38;5;241m=[39m [38;5;28mlist[39m(objs)
[0;32m    424[0m [38;5;28;01mif[39;00m [38;5;28mlen[39m(objs) [38;5;241m==[39m [38;5;241m0[39m:
[1;32m--> 425[0m     [38;5;28;01mraise[39;00m [38;5;167;01mValueError[39;00m([38;5;124m"[39m[38;5;124mNo objects to concatenate[39m[38;5;124m"[39m)
[0;32m    427[0m [38;5;28;01mif[39;00m keys [38;5;129;01mis[39;00m [38;5;28;01mNone[39;00m:
[0;32m    428[0m     objs [38;5;241m=[39m [38;5;28mlist[39m(com[38;5;241m.[39mnot_none([38;5;241m*[39mobjs))

[1;31mValueError[0m: No objects to concatenate
ValueError: No objects to concatenate

