Traceback (most recent call last):
  File "/opt/anaconda3/envs/myenv/lib/python3.10/site-packages/jupyter_cache/executors/utils.py", line 58, in single_nb_execution
    executenb(
  File "/opt/anaconda3/envs/myenv/lib/python3.10/site-packages/nbclient/client.py", line 1314, in execute
    return NotebookClient(nb=nb, resources=resources, km=km, **kwargs).execute()
  File "/opt/anaconda3/envs/myenv/lib/python3.10/site-packages/jupyter_core/utils/__init__.py", line 165, in wrapped
    return loop.run_until_complete(inner)
  File "/opt/anaconda3/envs/myenv/lib/python3.10/asyncio/base_events.py", line 649, in run_until_complete
    return future.result()
  File "/opt/anaconda3/envs/myenv/lib/python3.10/site-packages/nbclient/client.py", line 709, in async_execute
    await self.async_execute_cell(
  File "/opt/anaconda3/envs/myenv/lib/python3.10/site-packages/nbclient/client.py", line 1062, in async_execute_cell
    await self._check_raise_for_error(cell, cell_index, exec_reply)
  File "/opt/anaconda3/envs/myenv/lib/python3.10/site-packages/nbclient/client.py", line 918, in _check_raise_for_error
    raise CellExecutionError.from_cell_and_msg(cell, exec_reply_content)
nbclient.exceptions.CellExecutionError: An error occurred while executing the following cell:
------------------
df_pa = df.query("variable == 'front-potencia-activa'").copy()
cargas = df_st[df_st["variable"].isin(cfg.ENERGY_VAR_LABELS)].copy()
front = df_st[df_st["variable"].isin(['front-consumo-activa'])].copy()
front_pastmonth = df_pm[df_pm["variable"].isin(['front-consumo-activa'])].copy()
#front_reactiva = df_st[df_st["variable"].isin(['consumo-energia-reactiva-total'])].copy()

front_past = df_bl[df_bl["variable"].isin(['front-consumo-activa'])].copy()
meses = pd.concat([front_past, front])

df_pa = cln.remove_outliers_by_zscore(df_pa, zscore=4)
cargas = cln.remove_outliers_by_zscore(cargas, zscore=4)
front = cln.remove_outliers_by_zscore(front, zscore=4)
#front_reactiva = cln.remove_outliers_by_zscore(front_reactiva, zscore=4)
front_pastmonth = cln.remove_outliers_by_zscore(front_pastmonth, zscore=4)
meses = cln.remove_outliers_by_zscore(meses, zscore=4)

meses['value'] = meses['value'].round(2)
------------------


[0;31m---------------------------------------------------------------------------[0m
[0;31mValueError[0m                                Traceback (most recent call last)
Cell [0;32mIn[6], line 11[0m
[1;32m      8[0m meses [38;5;241m=[39m pd[38;5;241m.[39mconcat([front_past, front])
[1;32m     10[0m df_pa [38;5;241m=[39m cln[38;5;241m.[39mremove_outliers_by_zscore(df_pa, zscore[38;5;241m=[39m[38;5;241m4[39m)
[0;32m---> 11[0m cargas [38;5;241m=[39m [43mcln[49m[38;5;241;43m.[39;49m[43mremove_outliers_by_zscore[49m[43m([49m[43mcargas[49m[43m,[49m[43m [49m[43mzscore[49m[38;5;241;43m=[39;49m[38;5;241;43m4[39;49m[43m)[49m
[1;32m     12[0m front [38;5;241m=[39m cln[38;5;241m.[39mremove_outliers_by_zscore(front, zscore[38;5;241m=[39m[38;5;241m4[39m)
[1;32m     13[0m [38;5;66;03m#front_reactiva = cln.remove_outliers_by_zscore(front_reactiva, zscore=4)[39;00m

File [0;32m//Users/jpocampo/Library/CloudStorage/OneDrive-CELSIAS.AE.S.P/Proyectos Digitalización/Bancolombia/CB_Informe_Mensual/library_report_v2.py:246[0m, in [0;36mCleaning.remove_outliers_by_zscore[0;34m(df, zscore)[0m
[1;32m    243[0m         z_scores [38;5;241m=[39m stats[38;5;241m.[39mzscore(df_var[[38;5;124m'[39m[38;5;124mvalue[39m[38;5;124m'[39m], nan_policy[38;5;241m=[39m[38;5;124m'[39m[38;5;124momit[39m[38;5;124m'[39m)
[1;32m    244[0m         lst_df[38;5;241m.[39mappend(df_var[[38;5;28mabs[39m(z_scores) [38;5;241m<[39m zscore])
[0;32m--> 246[0m [38;5;28;01mreturn[39;00m [43mpd[49m[38;5;241;43m.[39;49m[43mconcat[49m[43m([49m[43mlst_df[49m[43m)[49m

File [0;32m/opt/anaconda3/envs/myenv/lib/python3.10/site-packages/pandas/util/_decorators.py:331[0m, in [0;36mdeprecate_nonkeyword_arguments.<locals>.decorate.<locals>.wrapper[0;34m(*args, **kwargs)[0m
[1;32m    325[0m [38;5;28;01mif[39;00m [38;5;28mlen[39m(args) [38;5;241m>[39m num_allow_args:
[1;32m    326[0m     warnings[38;5;241m.[39mwarn(
[1;32m    327[0m         msg[38;5;241m.[39mformat(arguments[38;5;241m=[39m_format_argument_list(allow_args)),
[1;32m    328[0m         [38;5;167;01mFutureWarning[39;00m,
[1;32m    329[0m         stacklevel[38;5;241m=[39mfind_stack_level(),
[1;32m    330[0m     )
[0;32m--> 331[0m [38;5;28;01mreturn[39;00m [43mfunc[49m[43m([49m[38;5;241;43m*[39;49m[43margs[49m[43m,[49m[43m [49m[38;5;241;43m*[39;49m[38;5;241;43m*[39;49m[43mkwargs[49m[43m)[49m

File [0;32m/opt/anaconda3/envs/myenv/lib/python3.10/site-packages/pandas/core/reshape/concat.py:368[0m, in [0;36mconcat[0;34m(objs, axis, join, ignore_index, keys, levels, names, verify_integrity, sort, copy)[0m
[1;32m    146[0m [38;5;129m@deprecate_nonkeyword_arguments[39m(version[38;5;241m=[39m[38;5;28;01mNone[39;00m, allowed_args[38;5;241m=[39m[[38;5;124m"[39m[38;5;124mobjs[39m[38;5;124m"[39m])
[1;32m    147[0m [38;5;28;01mdef[39;00m [38;5;21mconcat[39m(
[1;32m    148[0m     objs: Iterable[NDFrame] [38;5;241m|[39m Mapping[HashableT, NDFrame],
[0;32m   (...)[0m
[1;32m    157[0m     copy: [38;5;28mbool[39m [38;5;241m=[39m [38;5;28;01mTrue[39;00m,
[1;32m    158[0m ) [38;5;241m-[39m[38;5;241m>[39m DataFrame [38;5;241m|[39m Series:
[1;32m    159[0m [38;5;250m    [39m[38;5;124;03m"""[39;00m
[1;32m    160[0m [38;5;124;03m    Concatenate pandas objects along a particular axis.[39;00m
[1;32m    161[0m 
[0;32m   (...)[0m
[1;32m    366[0m [38;5;124;03m    1   3   4[39;00m
[1;32m    367[0m [38;5;124;03m    """[39;00m
[0;32m--> 368[0m     op [38;5;241m=[39m [43m_Concatenator[49m[43m([49m
[1;32m    369[0m [43m        [49m[43mobjs[49m[43m,[49m
[1;32m    370[0m [43m        [49m[43maxis[49m[38;5;241;43m=[39;49m[43maxis[49m[43m,[49m
[1;32m    371[0m [43m        [49m[43mignore_index[49m[38;5;241;43m=[39;49m[43mignore_index[49m[43m,[49m
[1;32m    372[0m [43m        [49m[43mjoin[49m[38;5;241;43m=[39;49m[43mjoin[49m[43m,[49m
[1;32m    373[0m [43m        [49m[43mkeys[49m[38;5;241;43m=[39;49m[43mkeys[49m[43m,[49m
[1;32m    374[0m [43m        [49m[43mlevels[49m[38;5;241;43m=[39;49m[43mlevels[49m[43m,[49m
[1;32m    375[0m [43m        [49m[43mnames[49m[38;5;241;43m=[39;49m[43mnames[49m[43m,[49m
[1;32m    376[0m [43m        [49m[43mverify_integrity[49m[38;5;241;43m=[39;49m[43mverify_integrity[49m[43m,[49m
[1;32m    377[0m [43m        [49m[43mcopy[49m[38;5;241;43m=[39;49m[43mcopy[49m[43m,[49m
[1;32m    378[0m [43m        [49m[43msort[49m[38;5;241;43m=[39;49m[43msort[49m[43m,[49m
[1;32m    379[0m [43m    [49m[43m)[49m
[1;32m    381[0m     [38;5;28;01mreturn[39;00m op[38;5;241m.[39mget_result()

File [0;32m/opt/anaconda3/envs/myenv/lib/python3.10/site-packages/pandas/core/reshape/concat.py:425[0m, in [0;36m_Concatenator.__init__[0;34m(self, objs, axis, join, keys, levels, names, ignore_index, verify_integrity, copy, sort)[0m
[1;32m    422[0m     objs [38;5;241m=[39m [38;5;28mlist[39m(objs)
[1;32m    424[0m [38;5;28;01mif[39;00m [38;5;28mlen[39m(objs) [38;5;241m==[39m [38;5;241m0[39m:
[0;32m--> 425[0m     [38;5;28;01mraise[39;00m [38;5;167;01mValueError[39;00m([38;5;124m"[39m[38;5;124mNo objects to concatenate[39m[38;5;124m"[39m)
[1;32m    427[0m [38;5;28;01mif[39;00m keys [38;5;129;01mis[39;00m [38;5;28;01mNone[39;00m:
[1;32m    428[0m     objs [38;5;241m=[39m [38;5;28mlist[39m(com[38;5;241m.[39mnot_none([38;5;241m*[39mobjs))

[0;31mValueError[0m: No objects to concatenate

